[debug] [2021-08-09T12:13:30.198Z] ----------------------------------------------------------------------
[debug] [2021-08-09T12:13:30.200Z] Command:       C:\Program Files\nodejs\node.exe C:\Users\Brand\WebstormProjects\slimestack\node_modules\firebase-tools\lib\bin\firebase.js deploy --only functions:capSlimeCoins
[debug] [2021-08-09T12:13:30.200Z] CLI Version:   9.16.0
[debug] [2021-08-09T12:13:30.200Z] Platform:      win32
[debug] [2021-08-09T12:13:30.200Z] Node Version:  v14.15.4
[debug] [2021-08-09T12:13:30.201Z] Time:          Mon Aug 09 2021 08:13:30 GMT-0400 (Eastern Daylight Time)
[debug] [2021-08-09T12:13:30.201Z] ----------------------------------------------------------------------
[debug] 
[debug] [2021-08-09T12:13:30.249Z] > command requires scopes: ["email","openid","https://www.googleapis.com/auth/cloudplatformprojects.readonly","https://www.googleapis.com/auth/firebase","https://www.googleapis.com/auth/cloud-platform"]
[debug] [2021-08-09T12:13:30.250Z] > authorizing via signed-in user (poopass5000@hotmail.com)
[debug] [2021-08-09T12:13:30.250Z] [iam] checking project slime-stack for permissions ["cloudfunctions.functions.create","cloudfunctions.functions.delete","cloudfunctions.functions.get","cloudfunctions.functions.list","cloudfunctions.functions.update","cloudfunctions.operations.get","firebase.projects.get"]
[debug] [2021-08-09T12:13:30.251Z] > refreshing access token with scopes: ["email","https://www.googleapis.com/auth/cloud-platform","https://www.googleapis.com/auth/cloudplatformprojects.readonly","https://www.googleapis.com/auth/firebase","openid"]
[debug] [2021-08-09T12:13:30.251Z] >>> HTTP REQUEST POST https://www.googleapis.com/oauth2/v3/token  
 <request body omitted>
[debug] [2021-08-09T12:13:30.412Z] <<< HTTP RESPONSE 200 {"cache-control":"no-cache, no-store, max-age=0, must-revalidate","pragma":"no-cache","expires":"Mon, 01 Jan 1990 00:00:00 GMT","date":"Mon, 09 Aug 2021 12:13:30 GMT","content-type":"application/json; charset=utf-8","vary":"X-Origin, Referer, Origin,Accept-Encoding","server":"scaffolding on HTTPServer2","x-xss-protection":"0","x-frame-options":"SAMEORIGIN","x-content-type-options":"nosniff","alt-svc":"h3=\":443\"; ma=2592000,h3-29=\":443\"; ma=2592000,h3-T051=\":443\"; ma=2592000,h3-Q050=\":443\"; ma=2592000,h3-Q046=\":443\"; ma=2592000,h3-Q043=\":443\"; ma=2592000,quic=\":443\"; ma=2592000; v=\"46,43\"","accept-ranges":"none","transfer-encoding":"chunked"}
[debug] [2021-08-09T12:13:30.428Z] >>> HTTP REQUEST POST https://cloudresourcemanager.googleapis.com/v1/projects/slime-stack:testIamPermissions  
 {"permissions":["cloudfunctions.functions.create","cloudfunctions.functions.delete","cloudfunctions.functions.get","cloudfunctions.functions.list","cloudfunctions.functions.update","cloudfunctions.operations.get","firebase.projects.get"]}
[debug] [2021-08-09T12:13:30.699Z] <<< HTTP RESPONSE 200 {"content-type":"application/json; charset=UTF-8","vary":"X-Origin, Referer, Origin,Accept-Encoding","date":"Mon, 09 Aug 2021 12:13:31 GMT","server":"ESF","cache-control":"private","x-xss-protection":"0","x-frame-options":"SAMEORIGIN","x-content-type-options":"nosniff","server-timing":"gfet4t7; dur=158","alt-svc":"h3=\":443\"; ma=2592000,h3-29=\":443\"; ma=2592000,h3-T051=\":443\"; ma=2592000,h3-Q050=\":443\"; ma=2592000,h3-Q046=\":443\"; ma=2592000,h3-Q043=\":443\"; ma=2592000,quic=\":443\"; ma=2592000; v=\"46,43\"","accept-ranges":"none","transfer-encoding":"chunked"}
[debug] [2021-08-09T12:13:30.700Z] >>> HTTP REQUEST POST https://iam.googleapis.com/v1/projects/slime-stack/serviceAccounts/slime-stack@appspot.gserviceaccount.com:testIamPermissions  
 {"permissions":["iam.serviceAccounts.actAs"]}
[debug] [2021-08-09T12:13:31.026Z] <<< HTTP RESPONSE 200 {"content-type":"application/json; charset=UTF-8","vary":"X-Origin, Referer, Origin,Accept-Encoding","date":"Mon, 09 Aug 2021 12:13:31 GMT","server":"ESF","cache-control":"private","x-xss-protection":"0","x-frame-options":"SAMEORIGIN","x-content-type-options":"nosniff","alt-svc":"h3=\":443\"; ma=2592000,h3-29=\":443\"; ma=2592000,h3-T051=\":443\"; ma=2592000,h3-Q050=\":443\"; ma=2592000,h3-Q046=\":443\"; ma=2592000,h3-Q043=\":443\"; ma=2592000,quic=\":443\"; ma=2592000; v=\"46,43\"","accept-ranges":"none","transfer-encoding":"chunked"}
[info] 
[info] === Deploying to 'slime-stack'...
[info] 
[info] i  deploying functions 
[debug] [2021-08-09T12:13:31.031Z] Validating nodejs source
[debug] [2021-08-09T12:13:33.459Z] > [functions] package.json contents: {
  "name": "functions",
  "description": "Cloud Functions for Firebase",
  "scripts": {
    "lint": "eslint .",
    "serve": "firebase emulators:start --only functions",
    "shell": "firebase functions:shell",
    "start": "npm run shell",
    "deploy": "firebase deploy --only functions",
    "logs": "firebase functions:log"
  },
  "engines": {
    "node": "14"
  },
  "main": "index.js",
  "dependencies": {
    "firebase-admin": "^9.8.0",
    "firebase-functions": "^3.14.1"
  },
  "devDependencies": {
    "eslint": "^7.6.0",
    "eslint-config-google": "^0.14.0",
    "firebase-functions-test": "^0.2.0"
  },
  "private": true
}
[debug] [2021-08-09T12:13:33.459Z] Building nodejs source
[info] i  functions: ensuring required API cloudfunctions.googleapis.com is enabled... 
[info] i  functions: ensuring required API cloudbuild.googleapis.com is enabled... 
[debug] [2021-08-09T12:13:33.461Z] >>> HTTP REQUEST GET https://serviceusage.googleapis.com/v1/projects/slime-stack/services/cloudfunctions.googleapis.com  
 
[debug] [2021-08-09T12:13:33.461Z] >>> HTTP REQUEST GET https://serviceusage.googleapis.com/v1/projects/slime-stack/services/runtimeconfig.googleapis.com  
 
[debug] [2021-08-09T12:13:33.461Z] >>> HTTP REQUEST GET https://serviceusage.googleapis.com/v1/projects/slime-stack/services/cloudbuild.googleapis.com  
 
[debug] [2021-08-09T12:13:33.861Z] <<< HTTP RESPONSE 200 {"content-type":"application/json; charset=UTF-8","vary":"X-Origin, Referer, Origin,Accept-Encoding","date":"Mon, 09 Aug 2021 12:13:34 GMT","server":"ESF","cache-control":"private","x-xss-protection":"0","x-frame-options":"SAMEORIGIN","x-content-type-options":"nosniff","alt-svc":"h3=\":443\"; ma=2592000,h3-29=\":443\"; ma=2592000,h3-T051=\":443\"; ma=2592000,h3-Q050=\":443\"; ma=2592000,h3-Q046=\":443\"; ma=2592000,h3-Q043=\":443\"; ma=2592000,quic=\":443\"; ma=2592000; v=\"46,43\"","accept-ranges":"none","transfer-encoding":"chunked"}
[debug] [2021-08-09T12:13:33.901Z] <<< HTTP RESPONSE 200 {"content-type":"application/json; charset=UTF-8","vary":"X-Origin, Referer, Origin,Accept-Encoding","date":"Mon, 09 Aug 2021 12:13:34 GMT","server":"ESF","cache-control":"private","x-xss-protection":"0","x-frame-options":"SAMEORIGIN","x-content-type-options":"nosniff","alt-svc":"h3=\":443\"; ma=2592000,h3-29=\":443\"; ma=2592000,h3-T051=\":443\"; ma=2592000,h3-Q050=\":443\"; ma=2592000,h3-Q046=\":443\"; ma=2592000,h3-Q043=\":443\"; ma=2592000,quic=\":443\"; ma=2592000; v=\"46,43\"","accept-ranges":"none","transfer-encoding":"chunked"}
[info] +  functions: required API cloudbuild.googleapis.com is enabled 
[debug] [2021-08-09T12:13:33.903Z] <<< HTTP RESPONSE 200 {"content-type":"application/json; charset=UTF-8","vary":"X-Origin, Referer, Origin,Accept-Encoding","date":"Mon, 09 Aug 2021 12:13:34 GMT","server":"ESF","cache-control":"private","x-xss-protection":"0","x-frame-options":"SAMEORIGIN","x-content-type-options":"nosniff","alt-svc":"h3=\":443\"; ma=2592000,h3-29=\":443\"; ma=2592000,h3-T051=\":443\"; ma=2592000,h3-Q050=\":443\"; ma=2592000,h3-Q046=\":443\"; ma=2592000,h3-Q043=\":443\"; ma=2592000,quic=\":443\"; ma=2592000; v=\"46,43\"","accept-ranges":"none","transfer-encoding":"chunked"}
[info] +  functions: required API cloudfunctions.googleapis.com is enabled 
[debug] [2021-08-09T12:13:33.903Z] >>> HTTP REQUEST GET https://firebase.googleapis.com/v1beta1/projects/slime-stack/adminSdkConfig  
 
[debug] [2021-08-09T12:13:34.243Z] <<< HTTP RESPONSE 200 {"content-type":"application/json; charset=UTF-8","vary":"X-Origin, Referer, Origin,Accept-Encoding","date":"Mon, 09 Aug 2021 12:13:34 GMT","server":"ESF","cache-control":"private","x-xss-protection":"0","x-frame-options":"SAMEORIGIN","x-content-type-options":"nosniff","alt-svc":"h3=\":443\"; ma=2592000,h3-29=\":443\"; ma=2592000,h3-T051=\":443\"; ma=2592000,h3-Q050=\":443\"; ma=2592000,h3-Q046=\":443\"; ma=2592000,h3-Q043=\":443\"; ma=2592000,quic=\":443\"; ma=2592000; v=\"46,43\"","accept-ranges":"none","transfer-encoding":"chunked"}
[debug] [2021-08-09T12:13:34.244Z] >>> HTTP REQUEST GET https://runtimeconfig.googleapis.com/v1beta1/projects/slime-stack/configs  
 
[debug] [2021-08-09T12:13:34.480Z] <<< HTTP RESPONSE 200 {"content-type":"application/json; charset=UTF-8","vary":"X-Origin, Referer, Origin,Accept-Encoding","date":"Mon, 09 Aug 2021 12:13:34 GMT","server":"ESF","cache-control":"private","x-xss-protection":"0","x-frame-options":"SAMEORIGIN","x-content-type-options":"nosniff","alt-svc":"h3=\":443\"; ma=2592000,h3-29=\":443\"; ma=2592000,h3-T051=\":443\"; ma=2592000,h3-Q050=\":443\"; ma=2592000,h3-Q046=\":443\"; ma=2592000,h3-Q043=\":443\"; ma=2592000,quic=\":443\"; ma=2592000; v=\"46,43\"","accept-ranges":"none","transfer-encoding":"chunked"}
[debug] [2021-08-09T12:13:34.480Z] Analyzing nodejs backend spec
[info] i  functions: preparing functions directory for uploading... 
[info] i  functions: packaged functions (35.38 KB) for uploading 
[debug] [2021-08-09T12:13:34.617Z] >>> HTTP REQUEST GET https://cloudfunctions.googleapis.com/v1/projects/slime-stack/locations/-/functions  
 
[debug] [2021-08-09T12:13:35.171Z] <<< HTTP RESPONSE 200 {"content-type":"application/json; charset=UTF-8","vary":"X-Origin, Referer, Origin,Accept-Encoding","date":"Mon, 09 Aug 2021 12:13:35 GMT","server":"ESF","cache-control":"private","x-xss-protection":"0","x-frame-options":"SAMEORIGIN","x-content-type-options":"nosniff","alt-svc":"h3=\":443\"; ma=2592000,h3-29=\":443\"; ma=2592000,h3-T051=\":443\"; ma=2592000,h3-Q050=\":443\"; ma=2592000,h3-Q046=\":443\"; ma=2592000,h3-Q043=\":443\"; ma=2592000,quic=\":443\"; ma=2592000; v=\"46,43\"","accept-ranges":"none","transfer-encoding":"chunked"}
[debug] [2021-08-09T12:13:35.172Z] >>> HTTP REQUEST POST https://cloudfunctions.googleapis.com/v1/projects/slime-stack/locations/us-central1/functions:generateUploadUrl  
 
[debug] [2021-08-09T12:13:35.788Z] <<< HTTP RESPONSE 200 {"content-type":"application/json; charset=UTF-8","vary":"X-Origin, Referer, Origin,Accept-Encoding","date":"Mon, 09 Aug 2021 12:13:36 GMT","server":"ESF","cache-control":"private","x-xss-protection":"0","x-frame-options":"SAMEORIGIN","x-content-type-options":"nosniff","alt-svc":"h3=\":443\"; ma=2592000,h3-29=\":443\"; ma=2592000,h3-T051=\":443\"; ma=2592000,h3-Q050=\":443\"; ma=2592000,h3-Q046=\":443\"; ma=2592000,h3-Q043=\":443\"; ma=2592000,quic=\":443\"; ma=2592000; v=\"46,43\"","accept-ranges":"none","transfer-encoding":"chunked"}
[debug] [2021-08-09T12:13:35.789Z] >>> HTTP REQUEST PUT https://storage.googleapis.com/gcf-upload-us-central1-ebf7b660-1066-4db6-b224-46a75c20d60e/14f72160-cd7a-4e19-a017-253c2d52a4c4.zip?GoogleAccessId=service-708181120603@gcf-admin-robot.iam.gserviceaccount.com&Expires=1628513016&Signature=ZsW86a3IsngphMa3buheXj68E4a8Bn%2B0vI%2BS0k7FffAZsE5%2BKQvnxjzWAelqkxKsBaZsNbtvJ5MlGwduxUPlx%2FfaWkmm%2FYPk1ymAO0rQMCxeSb90eRm0aUUxzrIXdseJ0g%2FbC9UyM8Ma0cXXIo1tQY2syXBWNn4zmqB1mPw4hwduVGpFBIPKgiwjxFV2b4SsKTlIyeKNbNNvGxoB73OA58YdOzCCYgXzdy7xhQQHBMExWX3tK2Hq1pqLT%2F35%2FuaCT5frcwtCLORpDvTU9ZPFXw%2FpZ86lYw2XsNsS8i76a3AVqVw2LiE%2FNlXoao9TkHpVlzEC1TdKhWssVnrv%2BWOOWg%3D%3D  
 <request body omitted>
[debug] [2021-08-09T12:13:36.049Z] <<< HTTP RESPONSE 200 {"x-guploader-uploadid":"ADPycdt_A97_Z9taXAqnsVUMfVLZuc_Rez8Iv0hJZFG1GX8MfJtA5WzIuNUknR_2flTG578GlXQUsaXtGQMOXwa23Gc","etag":"\"c74f37aef1ab271acebeba487b344870\"","x-goog-generation":"1628511216351566","x-goog-metageneration":"1","x-goog-hash":"crc32c=N44CVg==, md5=x083rvGrJxrOvrpIezRIcA==","x-goog-stored-content-length":"36226","x-goog-stored-content-encoding":"identity","vary":"Origin","content-length":"0","date":"Mon, 09 Aug 2021 12:13:36 GMT","server":"UploadServer","content-type":"text/html; charset=UTF-8","alt-svc":"h3=\":443\"; ma=2592000,h3-29=\":443\"; ma=2592000,h3-T051=\":443\"; ma=2592000,h3-Q050=\":443\"; ma=2592000,h3-Q046=\":443\"; ma=2592000,h3-Q043=\":443\"; ma=2592000,quic=\":443\"; ma=2592000; v=\"46,43\""}
[info] +  functions: functions folder uploaded successfully 
[info] i  functions: creating Node.js 14 function capSlimeCoins(us-central1)... 
[debug] [2021-08-09T12:13:36.053Z] >>> HTTP REQUEST POST https://cloudfunctions.googleapis.com/v1/projects/slime-stack/locations/us-central1/functions  
 {"name":"projects/slime-stack/locations/us-central1/functions/capSlimeCoins","sourceUploadUrl":"https://storage.googleapis.com/gcf-upload-us-central1-ebf7b660-1066-4db6-b224-46a75c20d60e/14f72160-cd7a-4e19-a017-253c2d52a4c4.zip?GoogleAccessId=service-708181120603@gcf-admin-robot.iam.gserviceaccount.com&Expires=1628513016&Signature=ZsW86a3IsngphMa3buheXj68E4a8Bn%2B0vI%2BS0k7FffAZsE5%2BKQvnxjzWAelqkxKsBaZsNbtvJ5MlGwduxUPlx%2FfaWkmm%2FYPk1ymAO0rQMCxeSb90eRm0aUUxzrIXdseJ0g%2FbC9UyM8Ma0cXXIo1tQY2syXBWNn4zmqB1mPw4hwduVGpFBIPKgiwjxFV2b4SsKTlIyeKNbNNvGxoB73OA58YdOzCCYgXzdy7xhQQHBMExWX3tK2Hq1pqLT%2F35%2FuaCT5frcwtCLORpDvTU9ZPFXw%2FpZ86lYw2XsNsS8i76a3AVqVw2LiE%2FNlXoao9TkHpVlzEC1TdKhWssVnrv%2BWOOWg%3D%3D","entryPoint":"capSlimeCoins","runtime":"nodejs14","eventTrigger":{"eventType":"providers/cloud.firestore/eventTypes/document.update","resource":"projects/slime-stack/databases/(default)/documents/users/{documentId}"},"labels":{"deployment-tool":"cli-firebase"},"environmentVariables":{"FIREBASE_CONFIG":"{\"projectId\":\"slime-stack\",\"storageBucket\":\"slime-stack.appspot.com\",\"locationId\":\"us-central\"}"}}
[debug] [2021-08-09T12:13:36.512Z] <<< HTTP RESPONSE 200 {"content-type":"application/json; charset=UTF-8","vary":"X-Origin, Referer, Origin,Accept-Encoding","date":"Mon, 09 Aug 2021 12:13:36 GMT","server":"ESF","cache-control":"private","x-xss-protection":"0","x-frame-options":"SAMEORIGIN","x-content-type-options":"nosniff","alt-svc":"h3=\":443\"; ma=2592000,h3-29=\":443\"; ma=2592000,h3-T051=\":443\"; ma=2592000,h3-Q050=\":443\"; ma=2592000,h3-Q046=\":443\"; ma=2592000,h3-Q043=\":443\"; ma=2592000,quic=\":443\"; ma=2592000; v=\"46,43\"","accept-ranges":"none","transfer-encoding":"chunked"}
[debug] [2021-08-09T12:13:36.513Z] > refreshing access token with scopes: []
[debug] [2021-08-09T12:13:36.514Z] >>> HTTP REQUEST POST https://www.googleapis.com/oauth2/v3/token  
 <request body omitted>
[debug] [2021-08-09T12:13:36.664Z] <<< HTTP RESPONSE 200 {"cache-control":"no-cache, no-store, max-age=0, must-revalidate","pragma":"no-cache","date":"Mon, 09 Aug 2021 12:13:36 GMT","expires":"Mon, 01 Jan 1990 00:00:00 GMT","content-type":"application/json; charset=utf-8","vary":"X-Origin, Referer, Origin,Accept-Encoding","server":"scaffolding on HTTPServer2","x-xss-protection":"0","x-frame-options":"SAMEORIGIN","x-content-type-options":"nosniff","alt-svc":"h3=\":443\"; ma=2592000,h3-29=\":443\"; ma=2592000,h3-T051=\":443\"; ma=2592000,h3-Q050=\":443\"; ma=2592000,h3-Q046=\":443\"; ma=2592000,h3-Q043=\":443\"; ma=2592000,quic=\":443\"; ma=2592000; v=\"46,43\"","accept-ranges":"none","transfer-encoding":"chunked"}
[debug] [2021-08-09T12:13:36.680Z] >>> [apiv2][query] GET https://cloudfunctions.googleapis.com/v1/operations/c2xpbWUtc3RhY2svdXMtY2VudHJhbDEvY2FwU2xpbWVDb2lucy8zWEUtTGNFbkNCSQ [none]
[debug] [2021-08-09T12:13:36.886Z] <<< [apiv2][status] GET https://cloudfunctions.googleapis.com/v1/operations/c2xpbWUtc3RhY2svdXMtY2VudHJhbDEvY2FwU2xpbWVDb2lucy8zWEUtTGNFbkNCSQ 200
[debug] [2021-08-09T12:13:36.886Z] <<< [apiv2][body] GET https://cloudfunctions.googleapis.com/v1/operations/c2xpbWUtc3RhY2svdXMtY2VudHJhbDEvY2FwU2xpbWVDb2lucy8zWEUtTGNFbkNCSQ {"name":"operations/c2xpbWUtc3RhY2svdXMtY2VudHJhbDEvY2FwU2xpbWVDb2lucy8zWEUtTGNFbkNCSQ","metadata":{"@type":"type.googleapis.com/google.cloud.functions.v1.OperationMetadataV1","target":"projects/slime-stack/locations/us-central1/functions/capSlimeCoins","type":"CREATE_FUNCTION","request":{"@type":"type.googleapis.com/google.cloud.functions.v1.CloudFunction","name":"projects/slime-stack/locations/us-central1/functions/capSlimeCoins","eventTrigger":{"eventType":"providers/cloud.firestore/eventTypes/document.update","resource":"projects/slime-stack/databases/(default)/documents/users/{documentId}"},"entryPoint":"capSlimeCoins","labels":{"deployment-tool":"cli-firebase"},"sourceUploadUrl":"https://storage.googleapis.com/gcf-upload-us-central1-ebf7b660-1066-4db6-b224-46a75c20d60e/14f72160-cd7a-4e19-a017-253c2d52a4c4.zip?GoogleAccessId=service-708181120603@gcf-admin-robot.iam.gserviceaccount.com&Expires=1628513016&Signature=ZsW86a3IsngphMa3buheXj68E4a8Bn%2B0vI%2BS0k7FffAZsE5%2BKQvnxjzWAelqkxKsBaZsNbtvJ5MlGwduxUPlx%2FfaWkmm%2FYPk1ymAO0rQMCxeSb90eRm0aUUxzrIXdseJ0g%2FbC9UyM8Ma0cXXIo1tQY2syXBWNn4zmqB1mPw4hwduVGpFBIPKgiwjxFV2b4SsKTlIyeKNbNNvGxoB73OA58YdOzCCYgXzdy7xhQQHBMExWX3tK2Hq1pqLT%2F35%2FuaCT5frcwtCLORpDvTU9ZPFXw%2FpZ86lYw2XsNsS8i76a3AVqVw2LiE%2FNlXoao9TkHpVlzEC1TdKhWssVnrv%2BWOOWg%3D%3D","environmentVariables":{"FIREBASE_CONFIG":"{\"projectId\":\"slime-stack\",\"storageBucket\":\"slime-stack.appspot.com\",\"locationId\":\"us-central\"}"},"runtime":"nodejs14"},"versionId":"1","updateTime":"2021-08-09T12:13:37Z"}}
[debug] [2021-08-09T12:13:37.396Z] [create-projects/slime-stack/locations/us-central1/functions/capSlimeCoins] Retrying task index 0
[debug] [2021-08-09T12:13:37.396Z] >>> [apiv2][query] GET https://cloudfunctions.googleapis.com/v1/operations/c2xpbWUtc3RhY2svdXMtY2VudHJhbDEvY2FwU2xpbWVDb2lucy8zWEUtTGNFbkNCSQ [none]
[debug] [2021-08-09T12:13:37.614Z] <<< [apiv2][status] GET https://cloudfunctions.googleapis.com/v1/operations/c2xpbWUtc3RhY2svdXMtY2VudHJhbDEvY2FwU2xpbWVDb2lucy8zWEUtTGNFbkNCSQ 200
[debug] [2021-08-09T12:13:37.614Z] <<< [apiv2][body] GET https://cloudfunctions.googleapis.com/v1/operations/c2xpbWUtc3RhY2svdXMtY2VudHJhbDEvY2FwU2xpbWVDb2lucy8zWEUtTGNFbkNCSQ {"name":"operations/c2xpbWUtc3RhY2svdXMtY2VudHJhbDEvY2FwU2xpbWVDb2lucy8zWEUtTGNFbkNCSQ","metadata":{"@type":"type.googleapis.com/google.cloud.functions.v1.OperationMetadataV1","target":"projects/slime-stack/locations/us-central1/functions/capSlimeCoins","type":"CREATE_FUNCTION","request":{"@type":"type.googleapis.com/google.cloud.functions.v1.CloudFunction","name":"projects/slime-stack/locations/us-central1/functions/capSlimeCoins","eventTrigger":{"eventType":"providers/cloud.firestore/eventTypes/document.update","resource":"projects/slime-stack/databases/(default)/documents/users/{documentId}"},"entryPoint":"capSlimeCoins","labels":{"deployment-tool":"cli-firebase"},"sourceUploadUrl":"https://storage.googleapis.com/gcf-upload-us-central1-ebf7b660-1066-4db6-b224-46a75c20d60e/14f72160-cd7a-4e19-a017-253c2d52a4c4.zip?GoogleAccessId=service-708181120603@gcf-admin-robot.iam.gserviceaccount.com&Expires=1628513016&Signature=ZsW86a3IsngphMa3buheXj68E4a8Bn%2B0vI%2BS0k7FffAZsE5%2BKQvnxjzWAelqkxKsBaZsNbtvJ5MlGwduxUPlx%2FfaWkmm%2FYPk1ymAO0rQMCxeSb90eRm0aUUxzrIXdseJ0g%2FbC9UyM8Ma0cXXIo1tQY2syXBWNn4zmqB1mPw4hwduVGpFBIPKgiwjxFV2b4SsKTlIyeKNbNNvGxoB73OA58YdOzCCYgXzdy7xhQQHBMExWX3tK2Hq1pqLT%2F35%2FuaCT5frcwtCLORpDvTU9ZPFXw%2FpZ86lYw2XsNsS8i76a3AVqVw2LiE%2FNlXoao9TkHpVlzEC1TdKhWssVnrv%2BWOOWg%3D%3D","environmentVariables":{"FIREBASE_CONFIG":"{\"projectId\":\"slime-stack\",\"storageBucket\":\"slime-stack.appspot.com\",\"locationId\":\"us-central\"}"},"runtime":"nodejs14"},"versionId":"1","updateTime":"2021-08-09T12:13:37Z","buildId":"cfefd98c-2c49-4f11-9a81-7f2710994e86","buildName":"projects/708181120603/locations/us-central1/builds/cfefd98c-2c49-4f11-9a81-7f2710994e86"}}
[debug] [2021-08-09T12:13:38.619Z] [create-projects/slime-stack/locations/us-central1/functions/capSlimeCoins] Retrying task index 0
[debug] [2021-08-09T12:13:38.619Z] >>> [apiv2][query] GET https://cloudfunctions.googleapis.com/v1/operations/c2xpbWUtc3RhY2svdXMtY2VudHJhbDEvY2FwU2xpbWVDb2lucy8zWEUtTGNFbkNCSQ [none]
[debug] [2021-08-09T12:13:38.814Z] <<< [apiv2][status] GET https://cloudfunctions.googleapis.com/v1/operations/c2xpbWUtc3RhY2svdXMtY2VudHJhbDEvY2FwU2xpbWVDb2lucy8zWEUtTGNFbkNCSQ 200
[debug] [2021-08-09T12:13:38.814Z] <<< [apiv2][body] GET https://cloudfunctions.googleapis.com/v1/operations/c2xpbWUtc3RhY2svdXMtY2VudHJhbDEvY2FwU2xpbWVDb2lucy8zWEUtTGNFbkNCSQ {"name":"operations/c2xpbWUtc3RhY2svdXMtY2VudHJhbDEvY2FwU2xpbWVDb2lucy8zWEUtTGNFbkNCSQ","metadata":{"@type":"type.googleapis.com/google.cloud.functions.v1.OperationMetadataV1","target":"projects/slime-stack/locations/us-central1/functions/capSlimeCoins","type":"CREATE_FUNCTION","request":{"@type":"type.googleapis.com/google.cloud.functions.v1.CloudFunction","name":"projects/slime-stack/locations/us-central1/functions/capSlimeCoins","eventTrigger":{"eventType":"providers/cloud.firestore/eventTypes/document.update","resource":"projects/slime-stack/databases/(default)/documents/users/{documentId}"},"entryPoint":"capSlimeCoins","labels":{"deployment-tool":"cli-firebase"},"sourceUploadUrl":"https://storage.googleapis.com/gcf-upload-us-central1-ebf7b660-1066-4db6-b224-46a75c20d60e/14f72160-cd7a-4e19-a017-253c2d52a4c4.zip?GoogleAccessId=service-708181120603@gcf-admin-robot.iam.gserviceaccount.com&Expires=1628513016&Signature=ZsW86a3IsngphMa3buheXj68E4a8Bn%2B0vI%2BS0k7FffAZsE5%2BKQvnxjzWAelqkxKsBaZsNbtvJ5MlGwduxUPlx%2FfaWkmm%2FYPk1ymAO0rQMCxeSb90eRm0aUUxzrIXdseJ0g%2FbC9UyM8Ma0cXXIo1tQY2syXBWNn4zmqB1mPw4hwduVGpFBIPKgiwjxFV2b4SsKTlIyeKNbNNvGxoB73OA58YdOzCCYgXzdy7xhQQHBMExWX3tK2Hq1pqLT%2F35%2FuaCT5frcwtCLORpDvTU9ZPFXw%2FpZ86lYw2XsNsS8i76a3AVqVw2LiE%2FNlXoao9TkHpVlzEC1TdKhWssVnrv%2BWOOWg%3D%3D","environmentVariables":{"FIREBASE_CONFIG":"{\"projectId\":\"slime-stack\",\"storageBucket\":\"slime-stack.appspot.com\",\"locationId\":\"us-central\"}"},"runtime":"nodejs14"},"versionId":"1","updateTime":"2021-08-09T12:13:37Z","buildId":"cfefd98c-2c49-4f11-9a81-7f2710994e86","buildName":"projects/708181120603/locations/us-central1/builds/cfefd98c-2c49-4f11-9a81-7f2710994e86"}}
